# JRE version: Java(TM) SE Runtime Environment (7.0_80-b15) (build 1.7.0_80-b15)
# Java VM: Java HotSpot(TM) Server VM (24.80-b11 mixed mode linux-x86 )
Heap
 PSYoungGen      total 68608K, used 8438K [0x9dfc0000, 0xa2c40000, 0xb3540000)
  eden space 60160K, 0% used [0x9dfc0000,0x9dfc0000,0xa1a80000)
  from space 8448K, 99% used [0xa1a80000,0xa22bd860,0xa22c0000)
  to   space 7168K, 0% used [0xa22c0000,0xa22c0000,0xa29c0000)
 ParOldGen       total 40704K, used 21561K [0x73540000, 0x75d00000, 0x9dfc0000)
  object space 40704K, 52% used [0x73540000,0x74a4e490,0x75d00000)
 PSPermGen       total 16384K, used 3895K [0x6f540000, 0x70540000, 0x73540000)
  object space 16384K, 23% used [0x6f540000,0x6f90de58,0x70540000)
GC Heap History (10 events):
Event: 5.251 GC heap after
Heap after GC invocations=2 (full 0):
 PSYoungGen      total 17920K, used 2547K [0x9dfc0000, 0xa02c0000, 0xb3540000)
  eden space 15360K, 0% used [0x9dfc0000,0x9dfc0000,0x9eec0000)
  from space 2560K, 99% used [0x9f140000,0x9f3bcf28,0x9f3c0000)
  to   space 2560K, 0% used [0x9eec0000,0x9eec0000,0x9f140000)
 ParOldGen       total 40704K, used 3291K [0x73540000, 0x75d00000, 0x9dfc0000)
  object space 40704K, 8% used [0x73540000,0x73876eb0,0x75d00000)
 PSPermGen       total 16384K, used 3778K [0x6f540000, 0x70540000, 0x73540000)
  object space 16384K, 23% used [0x6f540000,0x6f8f0998,0x70540000)
}
Event: 6.810 GC heap before
{Heap before GC invocations=3 (full 0):
 PSYoungGen      total 17920K, used 17907K [0x9dfc0000, 0xa02c0000, 0xb3540000)
  eden space 15360K, 100% used [0x9dfc0000,0x9eec0000,0x9eec0000)
  from space 2560K, 99% used [0x9f140000,0x9f3bcf28,0x9f3c0000)
  to   space 2560K, 0% used [0x9eec0000,0x9eec0000,0x9f140000)
 ParOldGen       total 40704K, used 3291K [0x73540000, 0x75d00000, 0x9dfc0000)
  object space 40704K, 8% used [0x73540000,0x73876eb0,0x75d00000)
 PSPermGen       total 16384K, used 3813K [0x6f540000, 0x70540000, 0x73540000)
  object space 16384K, 23% used [0x6f540000,0x6f8f94a8,0x70540000)
Event: 6.857 GC heap after
Heap after GC invocations=3 (full 0):
 PSYoungGen      total 17920K, used 2559K [0x9dfc0000, 0xa02c0000, 0xb3540000)
  eden space 15360K, 0% used [0x9dfc0000,0x9dfc0000,0x9eec0000)
  from space 2560K, 99% used [0x9eec0000,0x9f13fd58,0x9f140000)
  to   space 2560K, 0% used [0xa0040000,0xa0040000,0xa02c0000)
 ParOldGen       total 40704K, used 5992K [0x73540000, 0x75d00000, 0x9dfc0000)
  object space 40704K, 14% used [0x73540000,0x73b1a290,0x75d00000)
 PSPermGen       total 16384K, used 3813K [0x6f540000, 0x70540000, 0x73540000)
  object space 16384K, 23% used [0x6f540000,0x6f8f94a8,0x70540000)
}
Event: 9.482 GC heap before
{Heap before GC invocations=4 (full 0):
 PSYoungGen      total 17920K, used 17919K [0x9dfc0000, 0xa02c0000, 0xb3540000)
  eden space 15360K, 100% used [0x9dfc0000,0x9eec0000,0x9eec0000)
  from space 2560K, 99% used [0x9eec0000,0x9f13fd58,0x9f140000)
  to   space 2560K, 0% used [0xa0040000,0xa0040000,0xa02c0000)
 ParOldGen       total 40704K, used 5992K [0x73540000, 0x75d00000, 0x9dfc0000)
  object space 40704K, 14% used [0x73540000,0x73b1a290,0x75d00000)
 PSPermGen       total 16384K, used 3838K [0x6f540000, 0x70540000, 0x73540000)
  object space 16384K, 23% used [0x6f540000,0x6f8ffbc8,0x70540000)
Event: 9.538 GC heap after
Heap after GC invocations=4 (full 0):
 PSYoungGen      total 33280K, used 2557K [0x9dfc0000, 0xa02c0000, 0xb3540000)
  eden space 30720K, 0% used [0x9dfc0000,0x9dfc0000,0x9fdc0000)
  from space 2560K, 99% used [0xa0040000,0xa02bf7c0,0xa02c0000)
  to   space 2560K, 0% used [0x9fdc0000,0x9fdc0000,0xa0040000)
 ParOldGen       total 40704K, used 8732K [0x73540000, 0x75d00000, 0x9dfc0000)
  object space 40704K, 21% used [0x73540000,0x73dc7338,0x75d00000)
 PSPermGen       total 16384K, used 3838K [0x6f540000, 0x70540000, 0x73540000)
  object space 16384K, 23% used [0x6f540000,0x6f8ffbc8,0x70540000)
}
Event: 14.718 GC heap before
{Heap before GC invocations=5 (full 0):
 PSYoungGen      total 33280K, used 33277K [0x9dfc0000, 0xa02c0000, 0xb3540000)
  eden space 30720K, 100% used [0x9dfc0000,0x9fdc0000,0x9fdc0000)
  from space 2560K, 99% used [0xa0040000,0xa02bf7c0,0xa02c0000)
  to   space 2560K, 0% used [0x9fdc0000,0x9fdc0000,0xa0040000)
 ParOldGen       total 40704K, used 8732K [0x73540000, 0x75d00000, 0x9dfc0000)
  object space 40704K, 21% used [0x73540000,0x73dc7338,0x75d00000)
 PSPermGen       total 16384K, used 3853K [0x6f540000, 0x70540000, 0x73540000)
  object space 16384K, 23% used [0x6f540000,0x6f9036e0,0x70540000)
Event: 14.791 GC heap after
Heap after GC invocations=5 (full 0):
 PSYoungGen      total 33280K, used 2550K [0x9dfc0000, 0xa29c0000, 0xb3540000)
  eden space 30720K, 0% used [0x9dfc0000,0x9dfc0000,0x9fdc0000)
  from space 2560K, 99% used [0x9fdc0000,0xa003da38,0xa0040000)
  to   space 7168K, 0% used [0xa22c0000,0xa22c0000,0xa29c0000)
 ParOldGen       total 40704K, used 12902K [0x73540000, 0x75d00000, 0x9dfc0000)
  object space 40704K, 31% used [0x73540000,0x741d9af8,0x75d00000)
 PSPermGen       total 16384K, used 3853K [0x6f540000, 0x70540000, 0x73540000)
  object space 16384K, 23% used [0x6f540000,0x6f9036e0,0x70540000)
}
Event: 16.853 GC heap before
{Heap before GC invocations=6 (full 0):
 PSYoungGen      total 33280K, used 33270K [0x9dfc0000, 0xa29c0000, 0xb3540000)
  eden space 30720K, 100% used [0x9dfc0000,0x9fdc0000,0x9fdc0000)
  from space 2560K, 99% used [0x9fdc0000,0xa003da38,0xa0040000)
  to   space 7168K, 0% used [0xa22c0000,0xa22c0000,0xa29c0000)
 ParOldGen       total 40704K, used 12902K [0x73540000, 0x75d00000, 0x9dfc0000)
  object space 40704K, 31% used [0x73540000,0x741d9af8,0x75d00000)
 PSPermGen       total 16384K, used 3877K [0x6f540000, 0x70540000, 0x73540000)
  object space 16384K, 23% used [0x6f540000,0x6f909720,0x70540000)
Event: 16.930 GC heap after
Heap after GC invocations=6 (full 0):
 PSYoungGen      total 67328K, used 7159K [0x9dfc0000, 0xa2c40000, 0xb3540000)
  eden space 60160K, 0% used [0x9dfc0000,0x9dfc0000,0xa1a80000)
  from space 7168K, 99% used [0xa22c0000,0xa29bdde0,0xa29c0000)
  to   space 8448K, 0% used [0xa1a80000,0xa1a80000,0xa22c0000)
 ParOldGen       total 40704K, used 13620K [0x73540000, 0x75d00000, 0x9dfc0000)
  object space 40704K, 33% used [0x73540000,0x7428d2c0,0x75d00000)
 PSPermGen       total 16384K, used 3877K [0x6f540000, 0x70540000, 0x73540000)
  object space 16384K, 23% used [0x6f540000,0x6f909720,0x70540000)
}
Event: 21.158 GC heap before
{Heap before GC invocations=7 (full 0):
 PSYoungGen      total 67328K, used 67319K [0x9dfc0000, 0xa2c40000, 0xb3540000)
  eden space 60160K, 100% used [0x9dfc0000,0xa1a80000,0xa1a80000)
  from space 7168K, 99% used [0xa22c0000,0xa29bdde0,0xa29c0000)
  to   space 8448K, 0% used [0xa1a80000,0xa1a80000,0xa22c0000)
 ParOldGen       total 40704K, used 13620K [0x73540000, 0x75d00000, 0x9dfc0000)
  object space 40704K, 33% used [0x73540000,0x7428d2c0,0x75d00000)
 PSPermGen       total 16384K, used 3895K [0x6f540000, 0x70540000, 0x73540000)
  object space 16384K, 23% used [0x6f540000,0x6f90de58,0x70540000)

