# JRE version: Java(TM) SE Runtime Environment (7.0_80-b15) (build 1.7.0_80-b15)
# Java VM: Java HotSpot(TM) Server VM (24.80-b11 mixed mode linux-x86 )
Heap
 PSYoungGen      total 33280K, used 4329K [0x9e000000, 0xa2880000, 0xb3580000)
  eden space 30720K, 5% used [0x9e000000,0x9e1bace8,0x9fe00000)
  from space 2560K, 99% used [0x9fe00000,0xa007f9b0,0xa0080000)
  to   space 6400K, 0% used [0xa2240000,0xa2240000,0xa2880000)
 ParOldGen       total 40704K, used 11723K [0x73580000, 0x75d40000, 0x9e000000)
  object space 40704K, 28% used [0x73580000,0x740f2d58,0x75d40000)
 PSPermGen       total 16384K, used 4195K [0x6f580000, 0x70580000, 0x73580000)
  object space 16384K, 25% used [0x6f580000,0x6f998df8,0x70580000)
GC Heap History (10 events):
Event: 2.903 GC heap before
{Heap before GC invocations=1 (full 0):
 PSYoungGen      total 17920K, used 15360K [0x9e000000, 0x9f400000, 0xb3580000)
  eden space 15360K, 100% used [0x9e000000,0x9ef00000,0x9ef00000)
  from space 2560K, 0% used [0x9f180000,0x9f180000,0x9f400000)
  to   space 2560K, 0% used [0x9ef00000,0x9ef00000,0x9f180000)
 ParOldGen       total 40704K, used 0K [0x73580000, 0x75d40000, 0x9e000000)
  object space 40704K, 0% used [0x73580000,0x73580000,0x75d40000)
 PSPermGen       total 16384K, used 3693K [0x6f580000, 0x70580000, 0x73580000)
  object space 16384K, 22% used [0x6f580000,0x6f91b478,0x70580000)
Event: 2.923 GC heap after
Heap after GC invocations=1 (full 0):
 PSYoungGen      total 17920K, used 2544K [0x9e000000, 0x9f400000, 0xb3580000)
  eden space 15360K, 0% used [0x9e000000,0x9e000000,0x9ef00000)
  from space 2560K, 99% used [0x9ef00000,0x9f17c128,0x9f180000)
  to   space 2560K, 0% used [0x9f180000,0x9f180000,0x9f400000)
 ParOldGen       total 40704K, used 1282K [0x73580000, 0x75d40000, 0x9e000000)
  object space 40704K, 3% used [0x73580000,0x736c0b58,0x75d40000)
 PSPermGen       total 16384K, used 3693K [0x6f580000, 0x70580000, 0x73580000)
  object space 16384K, 22% used [0x6f580000,0x6f91b478,0x70580000)
}
Event: 3.984 GC heap before
{Heap before GC invocations=2 (full 0):
 PSYoungGen      total 17920K, used 17904K [0x9e000000, 0x9f400000, 0xb3580000)
  eden space 15360K, 100% used [0x9e000000,0x9ef00000,0x9ef00000)
  from space 2560K, 99% used [0x9ef00000,0x9f17c128,0x9f180000)
  to   space 2560K, 0% used [0x9f180000,0x9f180000,0x9f400000)
 ParOldGen       total 40704K, used 1282K [0x73580000, 0x75d40000, 0x9e000000)
  object space 40704K, 3% used [0x73580000,0x736c0b58,0x75d40000)
 PSPermGen       total 16384K, used 3793K [0x6f580000, 0x70580000, 0x73580000)
  object space 16384K, 23% used [0x6f580000,0x6f934780,0x70580000)
Event: 4.014 GC heap after
Heap after GC invocations=2 (full 0):
 PSYoungGen      total 17920K, used 2546K [0x9e000000, 0xa0300000, 0xb3580000)
  eden space 15360K, 0% used [0x9e000000,0x9e000000,0x9ef00000)
  from space 2560K, 99% used [0x9f180000,0x9f3fcb00,0x9f400000)
  to   space 2560K, 0% used [0x9ef00000,0x9ef00000,0x9f180000)
 ParOldGen       total 40704K, used 3333K [0x73580000, 0x75d40000, 0x9e000000)
  object space 40704K, 8% used [0x73580000,0x738c1720,0x75d40000)
 PSPermGen       total 16384K, used 3793K [0x6f580000, 0x70580000, 0x73580000)
  object space 16384K, 23% used [0x6f580000,0x6f934780,0x70580000)
}
Event: 5.241 GC heap before
{Heap before GC invocations=3 (full 0):
 PSYoungGen      total 17920K, used 17906K [0x9e000000, 0xa0300000, 0xb3580000)
  eden space 15360K, 100% used [0x9e000000,0x9ef00000,0x9ef00000)
  from space 2560K, 99% used [0x9f180000,0x9f3fcb00,0x9f400000)
  to   space 2560K, 0% used [0x9ef00000,0x9ef00000,0x9f180000)
 ParOldGen       total 40704K, used 3333K [0x73580000, 0x75d40000, 0x9e000000)
  object space 40704K, 8% used [0x73580000,0x738c1720,0x75d40000)
 PSPermGen       total 16384K, used 3812K [0x6f580000, 0x70580000, 0x73580000)
  object space 16384K, 23% used [0x6f580000,0x6f939220,0x70580000)
Event: 5.269 GC heap after
Heap after GC invocations=3 (full 0):
 PSYoungGen      total 17920K, used 2560K [0x9e000000, 0xa0300000, 0xb3580000)
  eden space 15360K, 0% used [0x9e000000,0x9e000000,0x9ef00000)
  from space 2560K, 100% used [0x9ef00000,0x9f180000,0x9f180000)
  to   space 2560K, 0% used [0xa0080000,0xa0080000,0xa0300000)
 ParOldGen       total 40704K, used 5955K [0x73580000, 0x75d40000, 0x9e000000)
  object space 40704K, 14% used [0x73580000,0x73b50cf8,0x75d40000)
 PSPermGen       total 16384K, used 3812K [0x6f580000, 0x70580000, 0x73580000)
  object space 16384K, 23% used [0x6f580000,0x6f939220,0x70580000)
}
Event: 6.385 GC heap before
{Heap before GC invocations=4 (full 0):
 PSYoungGen      total 17920K, used 17920K [0x9e000000, 0xa0300000, 0xb3580000)
  eden space 15360K, 100% used [0x9e000000,0x9ef00000,0x9ef00000)
  from space 2560K, 100% used [0x9ef00000,0x9f180000,0x9f180000)
  to   space 2560K, 0% used [0xa0080000,0xa0080000,0xa0300000)
 ParOldGen       total 40704K, used 5955K [0x73580000, 0x75d40000, 0x9e000000)
  object space 40704K, 14% used [0x73580000,0x73b50cf8,0x75d40000)
 PSPermGen       total 16384K, used 3836K [0x6f580000, 0x70580000, 0x73580000)
  object space 16384K, 23% used [0x6f580000,0x6f93f330,0x70580000)
Event: 6.445 GC heap after
Heap after GC invocations=4 (full 0):
 PSYoungGen      total 33280K, used 2558K [0x9e000000, 0xa0300000, 0xb3580000)
  eden space 30720K, 0% used [0x9e000000,0x9e000000,0x9fe00000)
  from space 2560K, 99% used [0xa0080000,0xa02ff9c0,0xa0300000)
  to   space 2560K, 0% used [0x9fe00000,0x9fe00000,0xa0080000)
 ParOldGen       total 40704K, used 8771K [0x73580000, 0x75d40000, 0x9e000000)
  object space 40704K, 21% used [0x73580000,0x73e10d40,0x75d40000)
 PSPermGen       total 16384K, used 3836K [0x6f580000, 0x70580000, 0x73580000)
  object space 16384K, 23% used [0x6f580000,0x6f93f330,0x70580000)
}
Event: 20.670 GC heap before
{Heap before GC invocations=5 (full 0):
 PSYoungGen      total 33280K, used 33278K [0x9e000000, 0xa0300000, 0xb3580000)
  eden space 30720K, 100% used [0x9e000000,0x9fe00000,0x9fe00000)
  from space 2560K, 99% used [0xa0080000,0xa02ff9c0,0xa0300000)
  to   space 2560K, 0% used [0x9fe00000,0x9fe00000,0xa0080000)
 ParOldGen       total 40704K, used 8771K [0x73580000, 0x75d40000, 0x9e000000)
  object space 40704K, 21% used [0x73580000,0x73e10d40,0x75d40000)
 PSPermGen       total 16384K, used 4004K [0x6f580000, 0x70580000, 0x73580000)
  object space 16384K, 24% used [0x6f580000,0x6f969278,0x70580000)
Event: 20.710 GC heap after
Heap after GC invocations=5 (full 0):
 PSYoungGen      total 33280K, used 2558K [0x9e000000, 0xa2880000, 0xb3580000)
  eden space 30720K, 0% used [0x9e000000,0x9e000000,0x9fe00000)
  from space 2560K, 99% used [0x9fe00000,0xa007f9b0,0xa0080000)
  to   space 6400K, 0% used [0xa2240000,0xa2240000,0xa2880000)
 ParOldGen       total 40704K, used 11723K [0x73580000, 0x75d40000, 0x9e000000)
  object space 40704K, 28% used [0x73580000,0x740f2d58,0x75d40000)
 PSPermGen       total 16384K, used 4004K [0x6f580000, 0x70580000, 0x73580000)
  object space 16384K, 24% used [0x6f580000,0x6f969278,0x70580000)
}

