# JRE version: Java(TM) SE Runtime Environment (7.0_80-b15) (build 1.7.0_80-b15)
# Java VM: Java HotSpot(TM) Server VM (24.80-b11 mixed mode linux-x86 )
Heap
 PSYoungGen      total 64000K, used 2551K [0x9dfc0000, 0xa20c0000, 0xb3540000)
  eden space 61440K, 0% used [0x9dfc0000,0x9dfc0000,0xa1bc0000)
  from space 2560K, 99% used [0xa1bc0000,0xa1e3df98,0xa1e40000)
  to   space 2560K, 0% used [0xa1e40000,0xa1e40000,0xa20c0000)
 ParOldGen       total 40704K, used 22514K [0x73540000, 0x75d00000, 0x9dfc0000)
  object space 40704K, 55% used [0x73540000,0x74b3ca20,0x75d00000)
 PSPermGen       total 16384K, used 3882K [0x6f540000, 0x70540000, 0x73540000)
  object space 16384K, 23% used [0x6f540000,0x6f90ab88,0x70540000)
GC Heap History (9 events):
Event: 2.776 GC heap before
{Heap before GC invocations=1 (full 0):
 PSYoungGen      total 17920K, used 15360K [0x9dfc0000, 0x9f3c0000, 0xb3540000)
  eden space 15360K, 100% used [0x9dfc0000,0x9eec0000,0x9eec0000)
  from space 2560K, 0% used [0x9f140000,0x9f140000,0x9f3c0000)
  to   space 2560K, 0% used [0x9eec0000,0x9eec0000,0x9f140000)
 ParOldGen       total 40704K, used 0K [0x73540000, 0x75d00000, 0x9dfc0000)
  object space 40704K, 0% used [0x73540000,0x73540000,0x75d00000)
 PSPermGen       total 16384K, used 3686K [0x6f540000, 0x70540000, 0x73540000)
  object space 16384K, 22% used [0x6f540000,0x6f8d9bc8,0x70540000)
Event: 2.820 GC heap after
Heap after GC invocations=1 (full 0):
 PSYoungGen      total 17920K, used 2556K [0x9dfc0000, 0xa02c0000, 0xb3540000)
  eden space 15360K, 0% used [0x9dfc0000,0x9dfc0000,0x9eec0000)
  from space 2560K, 99% used [0x9eec0000,0x9f13f068,0x9f140000)
  to   space 2560K, 0% used [0xa0040000,0xa0040000,0xa02c0000)
 ParOldGen       total 40704K, used 1538K [0x73540000, 0x75d00000, 0x9dfc0000)
  object space 40704K, 3% used [0x73540000,0x736c09c8,0x75d00000)
 PSPermGen       total 16384K, used 3686K [0x6f540000, 0x70540000, 0x73540000)
  object space 16384K, 22% used [0x6f540000,0x6f8d9bc8,0x70540000)
}
Event: 4.171 GC heap before
{Heap before GC invocations=2 (full 0):
 PSYoungGen      total 17920K, used 17916K [0x9dfc0000, 0xa02c0000, 0xb3540000)
  eden space 15360K, 100% used [0x9dfc0000,0x9eec0000,0x9eec0000)
  from space 2560K, 99% used [0x9eec0000,0x9f13f068,0x9f140000)
  to   space 2560K, 0% used [0xa0040000,0xa0040000,0xa02c0000)
 ParOldGen       total 40704K, used 1538K [0x73540000, 0x75d00000, 0x9dfc0000)
  object space 40704K, 3% used [0x73540000,0x736c09c8,0x75d00000)
 PSPermGen       total 16384K, used 3781K [0x6f540000, 0x70540000, 0x73540000)
  object space 16384K, 23% used [0x6f540000,0x6f8f17e0,0x70540000)
Event: 4.210 GC heap after
Heap after GC invocations=2 (full 0):
 PSYoungGen      total 33280K, used 2558K [0x9dfc0000, 0xa02c0000, 0xb3540000)
  eden space 30720K, 0% used [0x9dfc0000,0x9dfc0000,0x9fdc0000)
  from space 2560K, 99% used [0xa0040000,0xa02bf808,0xa02c0000)
  to   space 2560K, 0% used [0x9fdc0000,0x9fdc0000,0xa0040000)
 ParOldGen       total 40704K, used 3756K [0x73540000, 0x75d00000, 0x9dfc0000)
  object space 40704K, 9% used [0x73540000,0x738eb3c8,0x75d00000)
 PSPermGen       total 16384K, used 3781K [0x6f540000, 0x70540000, 0x73540000)
  object space 16384K, 23% used [0x6f540000,0x6f8f17e0,0x70540000)
}
Event: 6.848 GC heap before
{Heap before GC invocations=3 (full 0):
 PSYoungGen      total 33280K, used 33278K [0x9dfc0000, 0xa02c0000, 0xb3540000)
  eden space 30720K, 100% used [0x9dfc0000,0x9fdc0000,0x9fdc0000)
  from space 2560K, 99% used [0xa0040000,0xa02bf808,0xa02c0000)
  to   space 2560K, 0% used [0x9fdc0000,0x9fdc0000,0xa0040000)
 ParOldGen       total 40704K, used 3756K [0x73540000, 0x75d00000, 0x9dfc0000)
  object space 40704K, 9% used [0x73540000,0x738eb3c8,0x75d00000)
 PSPermGen       total 16384K, used 3843K [0x6f540000, 0x70540000, 0x73540000)
  object space 16384K, 23% used [0x6f540000,0x6f900ee8,0x70540000)
Event: 6.926 GC heap after
Heap after GC invocations=3 (full 0):
 PSYoungGen      total 33280K, used 2544K [0x9dfc0000, 0xa20c0000, 0xb3540000)
  eden space 30720K, 0% used [0x9dfc0000,0x9dfc0000,0x9fdc0000)
  from space 2560K, 99% used [0x9fdc0000,0xa003c3d0,0xa0040000)
  to   space 2560K, 0% used [0xa1e40000,0xa1e40000,0xa20c0000)
 ParOldGen       total 40704K, used 8223K [0x73540000, 0x75d00000, 0x9dfc0000)
  object space 40704K, 20% used [0x73540000,0x73d47cf0,0x75d00000)
 PSPermGen       total 16384K, used 3843K [0x6f540000, 0x70540000, 0x73540000)
  object space 16384K, 23% used [0x6f540000,0x6f900ee8,0x70540000)
}
Event: 9.289 GC heap before
{Heap before GC invocations=4 (full 0):
 PSYoungGen      total 33280K, used 33264K [0x9dfc0000, 0xa20c0000, 0xb3540000)
  eden space 30720K, 100% used [0x9dfc0000,0x9fdc0000,0x9fdc0000)
  from space 2560K, 99% used [0x9fdc0000,0xa003c3d0,0xa0040000)
  to   space 2560K, 0% used [0xa1e40000,0xa1e40000,0xa20c0000)
 ParOldGen       total 40704K, used 8223K [0x73540000, 0x75d00000, 0x9dfc0000)
  object space 40704K, 20% used [0x73540000,0x73d47cf0,0x75d00000)
 PSPermGen       total 16384K, used 3859K [0x6f540000, 0x70540000, 0x73540000)
  object space 16384K, 23% used [0x6f540000,0x6f904ec8,0x70540000)
Event: 9.392 GC heap after
Heap after GC invocations=4 (full 0):
 PSYoungGen      total 64000K, used 2555K [0x9dfc0000, 0xa20c0000, 0xb3540000)
  eden space 61440K, 0% used [0x9dfc0000,0x9dfc0000,0xa1bc0000)
  from space 2560K, 99% used [0xa1e40000,0xa20bede0,0xa20c0000)
  to   space 2560K, 0% used [0xa1bc0000,0xa1bc0000,0xa1e40000)
 ParOldGen       total 40704K, used 13479K [0x73540000, 0x75d00000, 0x9dfc0000)
  object space 40704K, 33% used [0x73540000,0x74269f90,0x75d00000)
 PSPermGen       total 16384K, used 3859K [0x6f540000, 0x70540000, 0x73540000)
  object space 16384K, 23% used [0x6f540000,0x6f904ec8,0x70540000)
}
Event: 16.358 GC heap before
{Heap before GC invocations=5 (full 0):
 PSYoungGen      total 64000K, used 63995K [0x9dfc0000, 0xa20c0000, 0xb3540000)
  eden space 61440K, 100% used [0x9dfc0000,0xa1bc0000,0xa1bc0000)
  from space 2560K, 99% used [0xa1e40000,0xa20bede0,0xa20c0000)
  to   space 2560K, 0% used [0xa1bc0000,0xa1bc0000,0xa1e40000)
 ParOldGen       total 40704K, used 13479K [0x73540000, 0x75d00000, 0x9dfc0000)
  object space 40704K, 33% used [0x73540000,0x74269f90,0x75d00000)
 PSPermGen       total 16384K, used 3882K [0x6f540000, 0x70540000, 0x73540000)
  object space 16384K, 23% used [0x6f540000,0x6f90ab88,0x70540000)

