# JRE version: Java(TM) SE Runtime Environment (7.0_80-b15) (build 1.7.0_80-b15)
# Java VM: Java HotSpot(TM) Server VM (24.80-b11 mixed mode linux-x86 )
Heap
 PSYoungGen      total 69120K, used 8689K [0x9dfc0000, 0xa2cc0000, 0xb3540000)
  eden space 60416K, 0% used [0x9dfc0000,0x9dfc0000,0xa1ac0000)
  from space 8704K, 99% used [0xa1ac0000,0xa233c4d0,0xa2340000)
  to   space 7680K, 0% used [0xa2340000,0xa2340000,0xa2ac0000)
 ParOldGen       total 40704K, used 21639K [0x73540000, 0x75d00000, 0x9dfc0000)
  object space 40704K, 53% used [0x73540000,0x74a61fa0,0x75d00000)
 PSPermGen       total 16384K, used 3892K [0x6f540000, 0x70540000, 0x73540000)
  object space 16384K, 23% used [0x6f540000,0x6f90d150,0x70540000)
GC Heap History (10 events):
Event: 5.050 GC heap after
Heap after GC invocations=2 (full 0):
 PSYoungGen      total 17920K, used 2556K [0x9dfc0000, 0xa02c0000, 0xb3540000)
  eden space 15360K, 0% used [0x9dfc0000,0x9dfc0000,0x9eec0000)
  from space 2560K, 99% used [0x9f140000,0x9f3bf290,0x9f3c0000)
  to   space 2560K, 0% used [0x9eec0000,0x9eec0000,0x9f140000)
 ParOldGen       total 40704K, used 3765K [0x73540000, 0x75d00000, 0x9dfc0000)
  object space 40704K, 9% used [0x73540000,0x738ed550,0x75d00000)
 PSPermGen       total 16384K, used 3785K [0x6f540000, 0x70540000, 0x73540000)
  object space 16384K, 23% used [0x6f540000,0x6f8f2638,0x70540000)
}
Event: 6.973 GC heap before
{Heap before GC invocations=3 (full 0):
 PSYoungGen      total 17920K, used 17916K [0x9dfc0000, 0xa02c0000, 0xb3540000)
  eden space 15360K, 100% used [0x9dfc0000,0x9eec0000,0x9eec0000)
  from space 2560K, 99% used [0x9f140000,0x9f3bf290,0x9f3c0000)
  to   space 2560K, 0% used [0x9eec0000,0x9eec0000,0x9f140000)
 ParOldGen       total 40704K, used 3765K [0x73540000, 0x75d00000, 0x9dfc0000)
  object space 40704K, 9% used [0x73540000,0x738ed550,0x75d00000)
 PSPermGen       total 16384K, used 3810K [0x6f540000, 0x70540000, 0x73540000)
  object space 16384K, 23% used [0x6f540000,0x6f8f8b58,0x70540000)
Event: 7.017 GC heap after
Heap after GC invocations=3 (full 0):
 PSYoungGen      total 17920K, used 2546K [0x9dfc0000, 0xa02c0000, 0xb3540000)
  eden space 15360K, 0% used [0x9dfc0000,0x9dfc0000,0x9eec0000)
  from space 2560K, 99% used [0x9eec0000,0x9f13c8e8,0x9f140000)
  to   space 2560K, 0% used [0xa0040000,0xa0040000,0xa02c0000)
 ParOldGen       total 40704K, used 6232K [0x73540000, 0x75d00000, 0x9dfc0000)
  object space 40704K, 15% used [0x73540000,0x73b56338,0x75d00000)
 PSPermGen       total 16384K, used 3810K [0x6f540000, 0x70540000, 0x73540000)
  object space 16384K, 23% used [0x6f540000,0x6f8f8b58,0x70540000)
}
Event: 9.314 GC heap before
{Heap before GC invocations=4 (full 0):
 PSYoungGen      total 17920K, used 17906K [0x9dfc0000, 0xa02c0000, 0xb3540000)
  eden space 15360K, 100% used [0x9dfc0000,0x9eec0000,0x9eec0000)
  from space 2560K, 99% used [0x9eec0000,0x9f13c8e8,0x9f140000)
  to   space 2560K, 0% used [0xa0040000,0xa0040000,0xa02c0000)
 ParOldGen       total 40704K, used 6232K [0x73540000, 0x75d00000, 0x9dfc0000)
  object space 40704K, 15% used [0x73540000,0x73b56338,0x75d00000)
 PSPermGen       total 16384K, used 3839K [0x6f540000, 0x70540000, 0x73540000)
  object space 16384K, 23% used [0x6f540000,0x6f8fffa0,0x70540000)
Event: 9.351 GC heap after
Heap after GC invocations=4 (full 0):
 PSYoungGen      total 33280K, used 2547K [0x9dfc0000, 0xa02c0000, 0xb3540000)
  eden space 30720K, 0% used [0x9dfc0000,0x9dfc0000,0x9fdc0000)
  from space 2560K, 99% used [0xa0040000,0xa02bce10,0xa02c0000)
  to   space 2560K, 0% used [0x9fdc0000,0x9fdc0000,0xa0040000)
 ParOldGen       total 40704K, used 8496K [0x73540000, 0x75d00000, 0x9dfc0000)
  object space 40704K, 20% used [0x73540000,0x73d8c070,0x75d00000)
 PSPermGen       total 16384K, used 3839K [0x6f540000, 0x70540000, 0x73540000)
  object space 16384K, 23% used [0x6f540000,0x6f8fffa0,0x70540000)
}
Event: 12.821 GC heap before
{Heap before GC invocations=5 (full 0):
 PSYoungGen      total 33280K, used 33267K [0x9dfc0000, 0xa02c0000, 0xb3540000)
  eden space 30720K, 100% used [0x9dfc0000,0x9fdc0000,0x9fdc0000)
  from space 2560K, 99% used [0xa0040000,0xa02bce10,0xa02c0000)
  to   space 2560K, 0% used [0x9fdc0000,0x9fdc0000,0xa0040000)
 ParOldGen       total 40704K, used 8496K [0x73540000, 0x75d00000, 0x9dfc0000)
  object space 40704K, 20% used [0x73540000,0x73d8c070,0x75d00000)
 PSPermGen       total 16384K, used 3856K [0x6f540000, 0x70540000, 0x73540000)
  object space 16384K, 23% used [0x6f540000,0x6f904340,0x70540000)
Event: 13.584 GC heap after
Heap after GC invocations=5 (full 0):
 PSYoungGen      total 33280K, used 2557K [0x9dfc0000, 0xa2ac0000, 0xb3540000)
  eden space 30720K, 0% used [0x9dfc0000,0x9dfc0000,0x9fdc0000)
  from space 2560K, 99% used [0x9fdc0000,0xa003f720,0xa0040000)
  to   space 7680K, 0% used [0xa2340000,0xa2340000,0xa2ac0000)
 ParOldGen       total 40704K, used 13961K [0x73540000, 0x75d00000, 0x9dfc0000)
  object space 40704K, 34% used [0x73540000,0x742e2628,0x75d00000)
 PSPermGen       total 16384K, used 3856K [0x6f540000, 0x70540000, 0x73540000)
  object space 16384K, 23% used [0x6f540000,0x6f904340,0x70540000)
}
Event: 15.974 GC heap before
{Heap before GC invocations=6 (full 0):
 PSYoungGen      total 33280K, used 33277K [0x9dfc0000, 0xa2ac0000, 0xb3540000)
  eden space 30720K, 100% used [0x9dfc0000,0x9fdc0000,0x9fdc0000)
  from space 2560K, 99% used [0x9fdc0000,0xa003f720,0xa0040000)
  to   space 7680K, 0% used [0xa2340000,0xa2340000,0xa2ac0000)
 ParOldGen       total 40704K, used 13961K [0x73540000, 0x75d00000, 0x9dfc0000)
  object space 40704K, 34% used [0x73540000,0x742e2628,0x75d00000)
 PSPermGen       total 16384K, used 3867K [0x6f540000, 0x70540000, 0x73540000)
  object space 16384K, 23% used [0x6f540000,0x6f906d00,0x70540000)
Event: 16.105 GC heap after
Heap after GC invocations=6 (full 0):
 PSYoungGen      total 68096K, used 7679K [0x9dfc0000, 0xa2cc0000, 0xb3540000)
  eden space 60416K, 0% used [0x9dfc0000,0x9dfc0000,0xa1ac0000)
  from space 7680K, 99% used [0xa2340000,0xa2abfe00,0xa2ac0000)
  to   space 8704K, 0% used [0xa1ac0000,0xa1ac0000,0xa2340000)
 ParOldGen       total 40704K, used 13969K [0x73540000, 0x75d00000, 0x9dfc0000)
  object space 40704K, 34% used [0x73540000,0x742e4798,0x75d00000)
 PSPermGen       total 16384K, used 3867K [0x6f540000, 0x70540000, 0x73540000)
  object space 16384K, 23% used [0x6f540000,0x6f906d00,0x70540000)
}
Event: 20.745 GC heap before
{Heap before GC invocations=7 (full 0):
 PSYoungGen      total 68096K, used 68095K [0x9dfc0000, 0xa2cc0000, 0xb3540000)
  eden space 60416K, 100% used [0x9dfc0000,0xa1ac0000,0xa1ac0000)
  from space 7680K, 99% used [0xa2340000,0xa2abfe00,0xa2ac0000)
  to   space 8704K, 0% used [0xa1ac0000,0xa1ac0000,0xa2340000)
 ParOldGen       total 40704K, used 13969K [0x73540000, 0x75d00000, 0x9dfc0000)
  object space 40704K, 34% used [0x73540000,0x742e4798,0x75d00000)
 PSPermGen       total 16384K, used 3892K [0x6f540000, 0x70540000, 0x73540000)
  object space 16384K, 23% used [0x6f540000,0x6f90d150,0x70540000)

