# JRE version: Java(TM) SE Runtime Environment (7.0_80-b15) (build 1.7.0_80-b15)
# Java VM: Java HotSpot(TM) Server VM (24.80-b11 mixed mode linux-x86 )
Heap
 PSYoungGen      total 135680K, used 15100K [0x9dfc0000, 0xa7540000, 0xb3540000)
  eden space 120576K, 0% used [0x9dfc0000,0x9dfc0000,0xa5580000)
  from space 15104K, 99% used [0xa5580000,0xa643f288,0xa6440000)
  to   space 12800K, 0% used [0xa6440000,0xa6440000,0xa70c0000)
 ParOldGen       total 40704K, used 39013K [0x73540000, 0x75d00000, 0x9dfc0000)
  object space 40704K, 95% used [0x73540000,0x75b59468,0x75d00000)
 PSPermGen       total 16384K, used 3946K [0x6f540000, 0x70540000, 0x73540000)
  object space 16384K, 24% used [0x6f540000,0x6f91ab98,0x70540000)
GC Heap History (10 events):
Event: 4.142 GC heap after
Heap after GC invocations=2 (full 0):
 PSYoungGen      total 33280K, used 2549K [0x9dfc0000, 0xa02c0000, 0xb3540000)
  eden space 30720K, 0% used [0x9dfc0000,0x9dfc0000,0x9fdc0000)
  from space 2560K, 99% used [0xa0040000,0xa02bd5a8,0xa02c0000)
  to   space 2560K, 0% used [0x9fdc0000,0x9fdc0000,0xa0040000)
 ParOldGen       total 40704K, used 3460K [0x73540000, 0x75d00000, 0x9dfc0000)
  object space 40704K, 8% used [0x73540000,0x738a11b8,0x75d00000)
 PSPermGen       total 16384K, used 3786K [0x6f540000, 0x70540000, 0x73540000)
  object space 16384K, 23% used [0x6f540000,0x6f8f2850,0x70540000)
}
Event: 6.972 GC heap before
{Heap before GC invocations=3 (full 0):
 PSYoungGen      total 33280K, used 33269K [0x9dfc0000, 0xa02c0000, 0xb3540000)
  eden space 30720K, 100% used [0x9dfc0000,0x9fdc0000,0x9fdc0000)
  from space 2560K, 99% used [0xa0040000,0xa02bd5a8,0xa02c0000)
  to   space 2560K, 0% used [0x9fdc0000,0x9fdc0000,0xa0040000)
 ParOldGen       total 40704K, used 3460K [0x73540000, 0x75d00000, 0x9dfc0000)
  object space 40704K, 8% used [0x73540000,0x738a11b8,0x75d00000)
 PSPermGen       total 16384K, used 3837K [0x6f540000, 0x70540000, 0x73540000)
  object space 16384K, 23% used [0x6f540000,0x6f8ff668,0x70540000)
Event: 7.022 GC heap after
Heap after GC invocations=3 (full 0):
 PSYoungGen      total 33280K, used 2558K [0x9dfc0000, 0xa20c0000, 0xb3540000)
  eden space 30720K, 0% used [0x9dfc0000,0x9dfc0000,0x9fdc0000)
  from space 2560K, 99% used [0x9fdc0000,0xa003fba8,0xa0040000)
  to   space 2560K, 0% used [0xa1e40000,0xa1e40000,0xa20c0000)
 ParOldGen       total 40704K, used 8100K [0x73540000, 0x75d00000, 0x9dfc0000)
  object space 40704K, 19% used [0x73540000,0x73d29320,0x75d00000)
 PSPermGen       total 16384K, used 3837K [0x6f540000, 0x70540000, 0x73540000)
  object space 16384K, 23% used [0x6f540000,0x6f8ff668,0x70540000)
}
Event: 9.124 GC heap before
{Heap before GC invocations=4 (full 0):
 PSYoungGen      total 33280K, used 33278K [0x9dfc0000, 0xa20c0000, 0xb3540000)
  eden space 30720K, 100% used [0x9dfc0000,0x9fdc0000,0x9fdc0000)
  from space 2560K, 99% used [0x9fdc0000,0xa003fba8,0xa0040000)
  to   space 2560K, 0% used [0xa1e40000,0xa1e40000,0xa20c0000)
 ParOldGen       total 40704K, used 8100K [0x73540000, 0x75d00000, 0x9dfc0000)
  object space 40704K, 19% used [0x73540000,0x73d29320,0x75d00000)
 PSPermGen       total 16384K, used 3857K [0x6f540000, 0x70540000, 0x73540000)
  object space 16384K, 23% used [0x6f540000,0x6f9046d8,0x70540000)
Event: 9.182 GC heap after
Heap after GC invocations=4 (full 0):
 PSYoungGen      total 64000K, used 2557K [0x9dfc0000, 0xa20c0000, 0xb3540000)
  eden space 61440K, 0% used [0x9dfc0000,0x9dfc0000,0xa1bc0000)
  from space 2560K, 99% used [0xa1e40000,0xa20bf770,0xa20c0000)
  to   space 2560K, 0% used [0xa1bc0000,0xa1bc0000,0xa1e40000)
 ParOldGen       total 40704K, used 13404K [0x73540000, 0x75d00000, 0x9dfc0000)
  object space 40704K, 32% used [0x73540000,0x74257240,0x75d00000)
 PSPermGen       total 16384K, used 3857K [0x6f540000, 0x70540000, 0x73540000)
  object space 16384K, 23% used [0x6f540000,0x6f9046d8,0x70540000)
}
Event: 12.926 GC heap before
{Heap before GC invocations=5 (full 0):
 PSYoungGen      total 64000K, used 63997K [0x9dfc0000, 0xa20c0000, 0xb3540000)
  eden space 61440K, 100% used [0x9dfc0000,0xa1bc0000,0xa1bc0000)
  from space 2560K, 99% used [0xa1e40000,0xa20bf770,0xa20c0000)
  to   space 2560K, 0% used [0xa1bc0000,0xa1bc0000,0xa1e40000)
 ParOldGen       total 40704K, used 13404K [0x73540000, 0x75d00000, 0x9dfc0000)
  object space 40704K, 32% used [0x73540000,0x74257240,0x75d00000)
 PSPermGen       total 16384K, used 3888K [0x6f540000, 0x70540000, 0x73540000)
  object space 16384K, 23% used [0x6f540000,0x6f90c1e8,0x70540000)
Event: 13.042 GC heap after
Heap after GC invocations=5 (full 0):
 PSYoungGen      total 64000K, used 2545K [0x9dfc0000, 0xa70c0000, 0xb3540000)
  eden space 61440K, 0% used [0x9dfc0000,0x9dfc0000,0xa1bc0000)
  from space 2560K, 99% used [0xa1bc0000,0xa1e3c6d8,0xa1e40000)
  to   space 12800K, 0% used [0xa6440000,0xa6440000,0xa70c0000)
 ParOldGen       total 40704K, used 23057K [0x73540000, 0x75d00000, 0x9dfc0000)
  object space 40704K, 56% used [0x73540000,0x74bc45c0,0x75d00000)
 PSPermGen       total 16384K, used 3888K [0x6f540000, 0x70540000, 0x73540000)
  object space 16384K, 23% used [0x6f540000,0x6f90c1e8,0x70540000)
}
Event: 20.618 GC heap before
{Heap before GC invocations=6 (full 0):
 PSYoungGen      total 64000K, used 63985K [0x9dfc0000, 0xa70c0000, 0xb3540000)
  eden space 61440K, 100% used [0x9dfc0000,0xa1bc0000,0xa1bc0000)
  from space 2560K, 99% used [0xa1bc0000,0xa1e3c6d8,0xa1e40000)
  to   space 12800K, 0% used [0xa6440000,0xa6440000,0xa70c0000)
 ParOldGen       total 40704K, used 23057K [0x73540000, 0x75d00000, 0x9dfc0000)
  object space 40704K, 56% used [0x73540000,0x74bc45c0,0x75d00000)
 PSPermGen       total 16384K, used 3906K [0x6f540000, 0x70540000, 0x73540000)
  object space 16384K, 23% used [0x6f540000,0x6f910a00,0x70540000)
Event: 20.698 GC heap after
Heap after GC invocations=6 (full 0):
 PSYoungGen      total 133376K, used 12537K [0x9dfc0000, 0xa7540000, 0xb3540000)
  eden space 120576K, 0% used [0x9dfc0000,0x9dfc0000,0xa5580000)
  from space 12800K, 97% used [0xa6440000,0xa707e4e8,0xa70c0000)
  to   space 15104K, 0% used [0xa5580000,0xa5580000,0xa6440000)
 ParOldGen       total 40704K, used 23057K [0x73540000, 0x75d00000, 0x9dfc0000)
  object space 40704K, 56% used [0x73540000,0x74bc45c0,0x75d00000)
 PSPermGen       total 16384K, used 3906K [0x6f540000, 0x70540000, 0x73540000)
  object space 16384K, 23% used [0x6f540000,0x6f910a00,0x70540000)
}
Event: 23.573 GC heap before
{Heap before GC invocations=7 (full 0):
 PSYoungGen      total 133376K, used 133113K [0x9dfc0000, 0xa7540000, 0xb3540000)
  eden space 120576K, 100% used [0x9dfc0000,0xa5580000,0xa5580000)
  from space 12800K, 97% used [0xa6440000,0xa707e4e8,0xa70c0000)
  to   space 15104K, 0% used [0xa5580000,0xa5580000,0xa6440000)
 ParOldGen       total 40704K, used 23057K [0x73540000, 0x75d00000, 0x9dfc0000)
  object space 40704K, 56% used [0x73540000,0x74bc45c0,0x75d00000)
 PSPermGen       total 16384K, used 3946K [0x6f540000, 0x70540000, 0x73540000)
  object space 16384K, 24% used [0x6f540000,0x6f91ab98,0x70540000)

